[Licensing::Module] Trying to connect to existing licensing client channel...
Built from '6000.0/staging' branch; Version is '6000.0.67f1 (78a1c2bbeb6a) revision 7905730'; Using compiler version '193933523'; Build Type 'Release'
OS: 'Windows 11  (10.0.26200) Professional' Language: 'en' Physical Memory: 16167 MB
BatchMode: 1, IsHumanControllingUs: 0, StartBugReporterOnCrash: 0, Is64bit: 1
[Licensing::IpcConnector] Successfully connected to: "LicenseClient-jiffi" at "2026-02-13T14:24:10.8878701Z"
System  architecture: x64
Process architecture: x64
Date: 2026-02-13T14:24:10Z

COMMAND LINE ARGUMENTS:
C:\Program Files\Unity\Hub\Editor\6000.0.67f1\Editor\Unity.exe
-adb2
-batchMode
-noUpm
-name
AssetImportWorker7
-projectPath
C:/Users/jiffi/OneDrive/Dokumenty/GitHub/StarvedOfCaffine
-logFile
Logs/AssetImportWorker7.log
-srvPort
51542
-licensingIpc
LicenseClient-jiffi
-job-worker-count
3
-background-job-worker-count
8
-gc-helper-count
1
-name
AssetImport
Successfully changed project path to: C:/Users/jiffi/OneDrive/Dokumenty/GitHub/StarvedOfCaffine
C:/Users/jiffi/OneDrive/Dokumenty/GitHub/StarvedOfCaffine
[UnityMemory] Configuration Parameters - Can be set up in boot.config
    "memorysetup-bucket-allocator-granularity=16"
    "memorysetup-bucket-allocator-bucket-count=8"
    "memorysetup-bucket-allocator-block-size=33554432"
    "memorysetup-bucket-allocator-block-count=8"
    "memorysetup-main-allocator-block-size=16777216"
    "memorysetup-thread-allocator-block-size=16777216"
    "memorysetup-gfx-main-allocator-block-size=16777216"
    "memorysetup-gfx-thread-allocator-block-size=16777216"
    "memorysetup-cache-allocator-block-size=4194304"
    "memorysetup-typetree-allocator-block-size=2097152"
    "memorysetup-profiler-bucket-allocator-granularity=16"
    "memorysetup-profiler-bucket-allocator-bucket-count=8"
    "memorysetup-profiler-bucket-allocator-block-size=33554432"
    "memorysetup-profiler-bucket-allocator-block-count=8"
    "memorysetup-profiler-allocator-block-size=16777216"
    "memorysetup-profiler-editor-allocator-block-size=1048576"
    "memorysetup-temp-allocator-size-main=16777216"
    "memorysetup-job-temp-allocator-block-size=2097152"
    "memorysetup-job-temp-allocator-block-size-background=1048576"
    "memorysetup-job-temp-allocator-reduction-small-platforms=262144"
    "memorysetup-allocator-temp-initial-block-size-main=262144"
    "memorysetup-allocator-temp-initial-block-size-worker=262144"
    "memorysetup-temp-allocator-size-background-worker=32768"
    "memorysetup-temp-allocator-size-job-worker=262144"
    "memorysetup-temp-allocator-size-preload-manager=33554432"
    "memorysetup-temp-allocator-size-nav-mesh-worker=65536"
    "memorysetup-temp-allocator-size-audio-worker=65536"
    "memorysetup-temp-allocator-size-cloud-worker=32768"
    "memorysetup-temp-allocator-size-gi-baking-worker=262144"
    "memorysetup-temp-allocator-size-gi-baking-worker=262144"
    "memorysetup-temp-allocator-size-gi-baking-worker=262144"
    "memorysetup-temp-allocator-size-gi-baking-worker=262144"
    "memorysetup-temp-allocator-size-gi-baking-worker=262144"
    "memorysetup-temp-allocator-size-gfx=262144"
Player connection [24196]  Target information:

Player connection [24196]  * "[IP] 26.235.17.11 [Port] 0 [Flags] 2 [Guid] 1503173742 [EditorId] 1503173742 [Version] 1048832 [Id] WindowsEditor(7,Bober) [Debug] 1 [PackageName] WindowsEditor [ProjectName] Editor" 

Player connection [24196]  * "[IP] 192.168.100.4 [Port] 0 [Flags] 2 [Guid] 1503173742 [EditorId] 1503173742 [Version] 1048832 [Id] WindowsEditor(7,Bober) [Debug] 1 [PackageName] WindowsEditor [ProjectName] Editor" 

Player connection [24196] Host joined multi-casting on [225.0.0.222:54997]...
Player connection [24196] Host joined alternative multi-casting on [225.0.0.222:34997]...
JobSystem: Creating JobQueue using job-worker-count value 3
Input System module state changed to: Initialized.
[Physics::Module] Initialized fallback backend.
[Physics::Module] Id: 0xdecafbad
Library Redirect Path: Library/
[Physics::Module] Selected backend.
[Physics::Module] Name: PhysX
[Physics::Module] Id: 0xf2b8ea05
[Physics::Module] SDK Version: 4.1.2
[Physics::Module] Integration Version: 1.0.0
[Physics::Module] Threading Mode: Multi-Threaded
Refreshing native plugins compatible for Editor in 10.61 ms, found 4 plugins.
Preloading 0 native plugins for Editor in 0.00 ms.
Initialize engine version: 6000.0.67f1 (78a1c2bbeb6a)
[Subsystems] Discovering subsystems at path C:/Program Files/Unity/Hub/Editor/6000.0.67f1/Editor/Data/Resources/UnitySubsystems
[Subsystems] Discovering subsystems at path C:/Users/jiffi/OneDrive/Dokumenty/GitHub/StarvedOfCaffine/Assets
GfxDevice: creating device client; kGfxThreadingModeNonThreaded
Direct3D:
    Version:  Direct3D 11.0 [level 11.1]
    Renderer: NVIDIA GeForce RTX 3050 Laptop GPU (ID=0x25a2)
    Vendor:   NVIDIA
    VRAM:     3965 MB
    Driver:   32.0.15.8157
Initialize mono
Mono path[0] = 'C:/Program Files/Unity/Hub/Editor/6000.0.67f1/Editor/Data/Managed'
Mono path[1] = 'C:/Program Files/Unity/Hub/Editor/6000.0.67f1/Editor/Data/MonoBleedingEdge/lib/mono/unityjit-win32'
Mono config path = 'C:/Program Files/Unity/Hub/Editor/6000.0.67f1/Editor/Data/MonoBleedingEdge/etc'
Using monoOptions --debugger-agent=transport=dt_socket,embedding=1,server=y,suspend=n,address=127.0.0.1:56184
Begin MonoManager ReloadAssembly
Registering precompiled unity dll's ...
Register platform support module: C:/Program Files/Unity/Hub/Editor/6000.0.67f1/Editor/Data/PlaybackEngines/WindowsStandaloneSupport/UnityEditor.WindowsStandalone.Extensions.dll
Registered in 0.005900 seconds.
- Loaded All Assemblies, in  0.706 seconds
Native extension for WindowsStandalone target not found
Mono: successfully reloaded assembly
- Finished resetting the current domain, in  0.679 seconds
Domain Reload Profiling: 1379ms
	BeginReloadAssembly (232ms)
		ExecutionOrderSort (0ms)
		DisableScriptedObjects (0ms)
		BackupInstance (0ms)
		ReleaseScriptingObjects (0ms)
		CreateAndSetChildDomain (2ms)
	RebuildCommonClasses (72ms)
	RebuildNativeTypeToScriptingClass (22ms)
	initialDomainReloadingComplete (102ms)
	LoadAllAssembliesAndSetupDomain (271ms)
		LoadAssemblies (225ms)
		RebuildTransferFunctionScriptingTraits (0ms)
		AnalyzeDomain (264ms)
			TypeCache.Refresh (261ms)
				TypeCache.ScanAssembly (233ms)
			BuildScriptInfoCaches (0ms)
			ResolveRequiredComponents (1ms)
	FinalizeReload (680ms)
		ReleaseScriptCaches (0ms)
		RebuildScriptCaches (0ms)
		SetupLoadedEditorAssemblies (602ms)
			LogAssemblyErrors (0ms)
			InitializePlatformSupportModulesInManaged (28ms)
			SetLoadedEditorAssemblies (7ms)
			BeforeProcessingInitializeOnLoad (88ms)
			ProcessInitializeOnLoadAttributes (296ms)
			ProcessInitializeOnLoadMethodAttributes (182ms)
			AfterProcessingInitializeOnLoad (0ms)
			EditorAssembliesLoaded (0ms)
		ExecutionOrderSort2 (0ms)
		AwakeInstancesAfterBackupRestoration (0ms)
========================================================================
Worker process is ready to serve import requests
Import Worker Mode flag is 0x00
Begin MonoManager ReloadAssembly
[Licensing::Module] Licensing is not yet initialized.
[Licensing::Client] Handshaking with LicensingClient:
  Version:                 1.17.4+4293ba1
  Session Id:              3897b9d63fe7423797bf3175c011c6c3
  Correlation Id:          a3ef9c6d50b00ecb80ff445d72481ce8
  External correlation Id: 799425748687118472
  Machine Id:              ZBGOiPmhVS4c8MKODj58LEafh9w=
[Licensing::Module] Successfully connected to LicensingClient on channel: "LicenseClient-jiffi" (connect: 0.00s, validation: 0.00s, handshake: 3.67s)
[Licensing::IpcConnector] Successfully connected to: "LicenseClient-jiffi-notifications" at "2026-02-13T14:24:14.5614383Z"
[Licensing::Module] Licensing Background thread has ended after 3.67s
[Licensing::Module] Licensing is initialized (took 0.52s).
[Licensing::Client] Successfully resolved entitlement details
[Licensing::Module] License group:
  Id: F4-ZE9A-PGHH-BBTC-VVNX-XXXX
  Product: Unity Personal
  Type: ULF
  Expiration: Unlimited
[Licensing::Module] License group:
  Id: 1375364963797-UnityPersXXXX
  Product: Unity Personal
  Type: Assigned
  Expiration: Unlimited
Symbol file LoadedFromMemory is not a mono symbol file
- Loaded All Assemblies, in  1.352 seconds
Refreshing native plugins compatible for Editor in 1.49 ms, found 4 plugins.
Native extension for WindowsStandalone target not found
Refreshing native plugins compatible for Editor in 1.79 ms, found 4 plugins.
Package Manager log level set to [2]
[Package Manager] Failed to launch server process. Reason: Unity was launched with the -noUpm command-line argument
[Package Manager] Unable to send message (not connected to server process).
[Package Manager] Cannot connect to Unity Package Manager local server
Mono: successfully reloaded assembly
- Finished resetting the current domain, in  0.912 seconds
Domain Reload Profiling: 2260ms
	BeginReloadAssembly (692ms)
		ExecutionOrderSort (0ms)
		DisableScriptedObjects (9ms)
		BackupInstance (0ms)
		ReleaseScriptingObjects (0ms)
		CreateAndSetChildDomain (31ms)
	RebuildCommonClasses (33ms)
	RebuildNativeTypeToScriptingClass (10ms)
	initialDomainReloadingComplete (39ms)
	LoadAllAssembliesAndSetupDomain (573ms)
		LoadAssemblies (355ms)
		RebuildTransferFunctionScriptingTraits (0ms)
		AnalyzeDomain (306ms)
			TypeCache.Refresh (206ms)
				TypeCache.ScanAssembly (181ms)
			BuildScriptInfoCaches (84ms)
			ResolveRequiredComponents (11ms)
	FinalizeReload (913ms)
		ReleaseScriptCaches (0ms)
		RebuildScriptCaches (0ms)
		SetupLoadedEditorAssemblies (703ms)
			LogAssemblyErrors (0ms)
			InitializePlatformSupportModulesInManaged (2ms)
			SetLoadedEditorAssemblies (4ms)
			BeforeProcessingInitializeOnLoad (124ms)
			ProcessInitializeOnLoadAttributes (511ms)
			ProcessInitializeOnLoadMethodAttributes (56ms)
			AfterProcessingInitializeOnLoad (5ms)
			EditorAssembliesLoaded (0ms)
		ExecutionOrderSort2 (0ms)
		AwakeInstancesAfterBackupRestoration (6ms)
Launched and connected shader compiler UnityShaderCompiler.exe after 0.04 seconds
Refreshing native plugins compatible for Editor in 1.79 ms, found 4 plugins.
Preloading 0 native plugins for Editor in 0.00 ms.
Unloading 13 Unused Serialized files (Serialized files now loaded: 0)
Unloading 6689 unused Assets / (4.6 MB). Loaded Objects now: 7385.
Memory consumption went from 130.4 MB to 125.8 MB.
Total: 8.625000 ms (FindLiveObjects: 0.767700 ms CreateObjectMapping: 0.706200 ms MarkObjects: 4.697400 ms  DeleteObjects: 2.452600 ms)

========================================================================
Received Prepare
Refreshing native plugins compatible for Editor in 11.68 ms, found 4 plugins.
Preloading 0 native plugins for Editor in 0.00 ms.
Unloading 13 Unused Serialized files (Serialized files now loaded: 0)
Unloading 6674 unused Assets / (4.4 MB). Loaded Objects now: 7385.
Memory consumption went from 128.2 MB to 123.9 MB.
Total: 33.710000 ms (FindLiveObjects: 1.591600 ms CreateObjectMapping: 5.447200 ms MarkObjects: 17.382200 ms  DeleteObjects: 9.286900 ms)

Prepare: number of updated asset objects reloaded= 0
========================================================================
Received Import Request.
  Time since last request: 30656.611764 seconds.
  path: Assets/Prefabs/Player.prefab
  artifactKey: Guid(f0ec6c5f3765c0640a20d4df26b5e748) Importer(815301076,1909f56bfc062723c751e8b465ee728b)
Start importing Assets/Prefabs/Player.prefab using Guid(f0ec6c5f3765c0640a20d4df26b5e748) Importer(815301076,1909f56bfc062723c751e8b465ee728b) (PreviewImporter) -> (artifact id: '67a85e3d0cf50f924cdf579eb99491e1') in 1.2182581 seconds
Number of updated asset objects reloaded before import = 0Number of asset objects unloaded after import = 150

========================================================================
Received Prepare
Begin MonoManager ReloadAssembly
[Licensing::Client] Successfully resolved entitlement details
[Licensing::Module] License group:
  Id: F4-ZE9A-PGHH-BBTC-VVNX-XXXX
  Product: Unity Personal
  Type: ULF
  Expiration: Unlimited
[Licensing::Module] License group:
  Id: 1375364963797-UnityPersXXXX
  Product: Unity Personal
  Type: Assigned
  Expiration: Unlimited
Symbol file LoadedFromMemory is not a mono symbol file
- Loaded All Assemblies, in  1.201 seconds
Refreshing native plugins compatible for Editor in 1.76 ms, found 4 plugins.
Native extension for WindowsStandalone target not found
[Package Manager] Failed to launch server process. Reason: Unity was launched with the -noUpm command-line argument
[Package Manager] Unable to send message (not connected to server process).
[Package Manager] Cannot connect to Unity Package Manager local server
Mono: successfully reloaded assembly
- Finished resetting the current domain, in  1.400 seconds
Domain Reload Profiling: 2600ms
	BeginReloadAssembly (316ms)
		ExecutionOrderSort (0ms)
		DisableScriptedObjects (27ms)
		BackupInstance (0ms)
		ReleaseScriptingObjects (0ms)
		CreateAndSetChildDomain (81ms)
	RebuildCommonClasses (44ms)
	RebuildNativeTypeToScriptingClass (14ms)
	initialDomainReloadingComplete (36ms)
	LoadAllAssembliesAndSetupDomain (789ms)
		LoadAssemblies (632ms)
		RebuildTransferFunctionScriptingTraits (0ms)
		AnalyzeDomain (279ms)
			TypeCache.Refresh (23ms)
				TypeCache.ScanAssembly (1ms)
			BuildScriptInfoCaches (236ms)
			ResolveRequiredComponents (15ms)
	FinalizeReload (1401ms)
		ReleaseScriptCaches (0ms)
		RebuildScriptCaches (0ms)
		SetupLoadedEditorAssemblies (1156ms)
			LogAssemblyErrors (0ms)
			InitializePlatformSupportModulesInManaged (4ms)
			SetLoadedEditorAssemblies (6ms)
			BeforeProcessingInitializeOnLoad (172ms)
			ProcessInitializeOnLoadAttributes (875ms)
			ProcessInitializeOnLoadMethodAttributes (92ms)
			AfterProcessingInitializeOnLoad (8ms)
			EditorAssembliesLoaded (0ms)
		ExecutionOrderSort2 (0ms)
		AwakeInstancesAfterBackupRestoration (22ms)
Refreshing native plugins compatible for Editor in 2.78 ms, found 4 plugins.
Preloading 0 native plugins for Editor in 0.00 ms.
Unloading 13 Unused Serialized files (Serialized files now loaded: 0)
Unloading 6686 unused Assets / (4.0 MB). Loaded Objects now: 7436.
Memory consumption went from 158.6 MB to 154.7 MB.
Total: 16.402800 ms (FindLiveObjects: 1.969400 ms CreateObjectMapping: 1.967400 ms MarkObjects: 8.329700 ms  DeleteObjects: 4.134600 ms)

Prepare: number of updated asset objects reloaded= 0
========================================================================
Received Import Request.
  Time since last request: 10.233276 seconds.
  path: Assets/Prefabs/NetworkPrefabs.asset
  artifactKey: Guid(517da903dd713dd489ef399be0148c49) Importer(815301076,1909f56bfc062723c751e8b465ee728b)
Start importing Assets/Prefabs/NetworkPrefabs.asset using Guid(517da903dd713dd489ef399be0148c49) Importer(815301076,1909f56bfc062723c751e8b465ee728b) (PreviewImporter) -> (artifact id: '00e46d25b4fb7b25d097917fe58a8dde') in 0.058295 seconds
Number of updated asset objects reloaded before import = 0Number of asset objects unloaded after import = 159

========================================================================
Received Prepare
Refreshing native plugins compatible for Editor in 8.84 ms, found 4 plugins.
Preloading 0 native plugins for Editor in 0.00 ms.
Unloading 13 Unused Serialized files (Serialized files now loaded: 0)
Unloading 6677 unused Assets / (3.5 MB). Loaded Objects now: 7437.
Memory consumption went from 158.8 MB to 155.3 MB.
Total: 26.570200 ms (FindLiveObjects: 2.156500 ms CreateObjectMapping: 2.562900 ms MarkObjects: 16.230900 ms  DeleteObjects: 5.618100 ms)

Prepare: number of updated asset objects reloaded= 0
========================================================================
Received Import Request.
  Time since last request: 131.549385 seconds.
  path: Assets/Prefabs/Player.prefab
  artifactKey: Guid(f0ec6c5f3765c0640a20d4df26b5e748) Importer(815301076,1909f56bfc062723c751e8b465ee728b)
Start importing Assets/Prefabs/Player.prefab using Guid(f0ec6c5f3765c0640a20d4df26b5e748) Importer(815301076,1909f56bfc062723c751e8b465ee728b) (PreviewImporter) -> (artifact id: '2e3c05c737a7d71c534229fcd30c6e62') in 1.8886854 seconds
Number of updated asset objects reloaded before import = 0Number of asset objects unloaded after import = 150

========================================================================
Received Prepare
Begin MonoManager ReloadAssembly
[Licensing::Client] Successfully resolved entitlement details
[Licensing::Module] License group:
  Id: F4-ZE9A-PGHH-BBTC-VVNX-XXXX
  Product: Unity Personal
  Type: ULF
  Expiration: Unlimited
[Licensing::Module] License group:
  Id: 1375364963797-UnityPersXXXX
  Product: Unity Personal
  Type: Assigned
  Expiration: Unlimited
Symbol file LoadedFromMemory is not a mono symbol file
- Loaded All Assemblies, in  1.100 seconds
Refreshing native plugins compatible for Editor in 1.96 ms, found 4 plugins.
Native extension for WindowsStandalone target not found
[Package Manager] Failed to launch server process. Reason: Unity was launched with the -noUpm command-line argument
[Package Manager] Unable to send message (not connected to server process).
[Package Manager] Cannot connect to Unity Package Manager local server
Mono: successfully reloaded assembly
- Finished resetting the current domain, in  1.079 seconds
Domain Reload Profiling: 2180ms
	BeginReloadAssembly (316ms)
		ExecutionOrderSort (0ms)
		DisableScriptedObjects (33ms)
		BackupInstance (0ms)
		ReleaseScriptingObjects (0ms)
		CreateAndSetChildDomain (98ms)
	RebuildCommonClasses (49ms)
	RebuildNativeTypeToScriptingClass (13ms)
	initialDomainReloadingComplete (45ms)
	LoadAllAssembliesAndSetupDomain (677ms)
		LoadAssemblies (513ms)
		RebuildTransferFunctionScriptingTraits (0ms)
		AnalyzeDomain (281ms)
			TypeCache.Refresh (13ms)
				TypeCache.ScanAssembly (1ms)
			BuildScriptInfoCaches (247ms)
			ResolveRequiredComponents (14ms)
	FinalizeReload (1080ms)
		ReleaseScriptCaches (0ms)
		RebuildScriptCaches (0ms)
		SetupLoadedEditorAssemblies (867ms)
			LogAssemblyErrors (0ms)
			InitializePlatformSupportModulesInManaged (3ms)
			SetLoadedEditorAssemblies (6ms)
			BeforeProcessingInitializeOnLoad (156ms)
			ProcessInitializeOnLoadAttributes (627ms)
			ProcessInitializeOnLoadMethodAttributes (65ms)
			AfterProcessingInitializeOnLoad (9ms)
			EditorAssembliesLoaded (0ms)
		ExecutionOrderSort2 (0ms)
		AwakeInstancesAfterBackupRestoration (17ms)
Refreshing native plugins compatible for Editor in 1.60 ms, found 4 plugins.
Preloading 0 native plugins for Editor in 0.00 ms.
Unloading 13 Unused Serialized files (Serialized files now loaded: 0)
Unloading 6686 unused Assets / (4.2 MB). Loaded Objects now: 7460.
Memory consumption went from 158.7 MB to 154.5 MB.
Total: 9.599300 ms (FindLiveObjects: 0.735300 ms CreateObjectMapping: 0.685200 ms MarkObjects: 5.105100 ms  DeleteObjects: 3.072100 ms)

Prepare: number of updated asset objects reloaded= 0
========================================================================
Received Prepare
Begin MonoManager ReloadAssembly
Symbol file LoadedFromMemory is not a mono symbol file
- Loaded All Assemblies, in  0.936 seconds
Refreshing native plugins compatible for Editor in 1.67 ms, found 4 plugins.
Native extension for WindowsStandalone target not found
[Package Manager] Failed to launch server process. Reason: Unity was launched with the -noUpm command-line argument
[Package Manager] Unable to send message (not connected to server process).
[Package Manager] Cannot connect to Unity Package Manager local server
Mono: successfully reloaded assembly
- Finished resetting the current domain, in  0.923 seconds
Domain Reload Profiling: 1858ms
	BeginReloadAssembly (222ms)
		ExecutionOrderSort (0ms)
		DisableScriptedObjects (5ms)
		BackupInstance (0ms)
		ReleaseScriptingObjects (0ms)
		CreateAndSetChildDomain (56ms)
	RebuildCommonClasses (43ms)
	RebuildNativeTypeToScriptingClass (12ms)
	initialDomainReloadingComplete (30ms)
	LoadAllAssembliesAndSetupDomain (627ms)
		LoadAssemblies (432ms)
		RebuildTransferFunctionScriptingTraits (0ms)
		AnalyzeDomain (296ms)
			TypeCache.Refresh (12ms)
				TypeCache.ScanAssembly (0ms)
			BuildScriptInfoCaches (263ms)
			ResolveRequiredComponents (17ms)
	FinalizeReload (924ms)
		ReleaseScriptCaches (0ms)
		RebuildScriptCaches (0ms)
		SetupLoadedEditorAssemblies (759ms)
			LogAssemblyErrors (0ms)
			InitializePlatformSupportModulesInManaged (2ms)
			SetLoadedEditorAssemblies (7ms)
			BeforeProcessingInitializeOnLoad (151ms)
			ProcessInitializeOnLoadAttributes (539ms)
			ProcessInitializeOnLoadMethodAttributes (51ms)
			AfterProcessingInitializeOnLoad (7ms)
			EditorAssembliesLoaded (0ms)
		ExecutionOrderSort2 (0ms)
		AwakeInstancesAfterBackupRestoration (13ms)
Refreshing native plugins compatible for Editor in 2.45 ms, found 4 plugins.
Preloading 0 native plugins for Editor in 0.00 ms.
Unloading 13 Unused Serialized files (Serialized files now loaded: 0)
Unloading 6685 unused Assets / (4.9 MB). Loaded Objects now: 7463.
Memory consumption went from 158.6 MB to 153.7 MB.
Total: 14.728400 ms (FindLiveObjects: 1.295500 ms CreateObjectMapping: 1.126500 ms MarkObjects: 7.991300 ms  DeleteObjects: 4.313100 ms)

Prepare: number of updated asset objects reloaded= 0
========================================================================
Received Prepare
Refreshing native plugins compatible for Editor in 24.61 ms, found 4 plugins.
Preloading 0 native plugins for Editor in 0.00 ms.
Unloading 13 Unused Serialized files (Serialized files now loaded: 0)
Unloading 6674 unused Assets / (3.8 MB). Loaded Objects now: 7463.
Memory consumption went from 158.7 MB to 154.9 MB.
Total: 30.779300 ms (FindLiveObjects: 1.562200 ms CreateObjectMapping: 3.234900 ms MarkObjects: 18.856800 ms  DeleteObjects: 7.123400 ms)

Prepare: number of updated asset objects reloaded= 0
========================================================================
Received Prepare
Refreshing native plugins compatible for Editor in 10.25 ms, found 4 plugins.
Preloading 0 native plugins for Editor in 0.00 ms.
Unloading 13 Unused Serialized files (Serialized files now loaded: 0)
Unloading 6674 unused Assets / (4.3 MB). Loaded Objects now: 7463.
Memory consumption went from 158.7 MB to 154.4 MB.
Total: 34.199800 ms (FindLiveObjects: 6.583700 ms CreateObjectMapping: 7.157000 ms MarkObjects: 13.537900 ms  DeleteObjects: 6.919300 ms)

Prepare: number of updated asset objects reloaded= 0
========================================================================
Received Prepare
Begin MonoManager ReloadAssembly
[Licensing::Client] Successfully resolved entitlement details
[Licensing::Module] License group:
  Id: F4-ZE9A-PGHH-BBTC-VVNX-XXXX
  Product: Unity Personal
  Type: ULF
  Expiration: Unlimited
[Licensing::Module] License group:
  Id: 1375364963797-UnityPersXXXX
  Product: Unity Personal
  Type: Assigned
  Expiration: Unlimited
Symbol file LoadedFromMemory is not a mono symbol file
- Loaded All Assemblies, in  1.599 seconds
Refreshing native plugins compatible for Editor in 4.15 ms, found 4 plugins.
Native extension for WindowsStandalone target not found
[Package Manager] Failed to launch server process. Reason: Unity was launched with the -noUpm command-line argument
[Package Manager] Unable to send message (not connected to server process).
[Package Manager] Cannot connect to Unity Package Manager local server
Mono: successfully reloaded assembly
- Finished resetting the current domain, in  1.704 seconds
Domain Reload Profiling: 3309ms
	BeginReloadAssembly (288ms)
		ExecutionOrderSort (0ms)
		DisableScriptedObjects (10ms)
		BackupInstance (0ms)
		ReleaseScriptingObjects (0ms)
		CreateAndSetChildDomain (78ms)
	RebuildCommonClasses (44ms)
	RebuildNativeTypeToScriptingClass (14ms)
	initialDomainReloadingComplete (33ms)
	LoadAllAssembliesAndSetupDomain (1224ms)
		LoadAssemblies (445ms)
		RebuildTransferFunctionScriptingTraits (0ms)
		AnalyzeDomain (879ms)
			TypeCache.Refresh (19ms)
				TypeCache.ScanAssembly (1ms)
			BuildScriptInfoCaches (831ms)
			ResolveRequiredComponents (23ms)
	FinalizeReload (1705ms)
		ReleaseScriptCaches (0ms)
		RebuildScriptCaches (0ms)
		SetupLoadedEditorAssemblies (1420ms)
			LogAssemblyErrors (0ms)
			InitializePlatformSupportModulesInManaged (4ms)
			SetLoadedEditorAssemblies (7ms)
			BeforeProcessingInitializeOnLoad (237ms)
			ProcessInitializeOnLoadAttributes (1028ms)
			ProcessInitializeOnLoadMethodAttributes (119ms)
			AfterProcessingInitializeOnLoad (20ms)
			EditorAssembliesLoaded (5ms)
		ExecutionOrderSort2 (0ms)
		AwakeInstancesAfterBackupRestoration (48ms)
Refreshing native plugins compatible for Editor in 2.09 ms, found 4 plugins.
Preloading 0 native plugins for Editor in 0.00 ms.
Unloading 13 Unused Serialized files (Serialized files now loaded: 0)
Unloading 6685 unused Assets / (4.5 MB). Loaded Objects now: 7466.
Memory consumption went from 158.6 MB to 154.1 MB.
Total: 11.326800 ms (FindLiveObjects: 1.039600 ms CreateObjectMapping: 0.993700 ms MarkObjects: 5.484600 ms  DeleteObjects: 3.807100 ms)

Prepare: number of updated asset objects reloaded= 0
========================================================================
Received Prepare
Refreshing native plugins compatible for Editor in 6.45 ms, found 4 plugins.
Preloading 0 native plugins for Editor in 0.00 ms.
Unloading 13 Unused Serialized files (Serialized files now loaded: 0)
Unloading 6674 unused Assets / (3.7 MB). Loaded Objects now: 7466.
Memory consumption went from 158.7 MB to 155.0 MB.
Total: 15.220500 ms (FindLiveObjects: 0.965700 ms CreateObjectMapping: 0.949900 ms MarkObjects: 9.254400 ms  DeleteObjects: 4.048800 ms)

Prepare: number of updated asset objects reloaded= 0
========================================================================
Received Prepare
Begin MonoManager ReloadAssembly
Symbol file LoadedFromMemory is not a mono symbol file
- Loaded All Assemblies, in  1.125 seconds
Refreshing native plugins compatible for Editor in 2.46 ms, found 4 plugins.
Native extension for WindowsStandalone target not found
[Package Manager] Failed to launch server process. Reason: Unity was launched with the -noUpm command-line argument
[Package Manager] Unable to send message (not connected to server process).
[Package Manager] Cannot connect to Unity Package Manager local server
Mono: successfully reloaded assembly
- Finished resetting the current domain, in  1.728 seconds
Domain Reload Profiling: 2862ms
	BeginReloadAssembly (238ms)
		ExecutionOrderSort (0ms)
		DisableScriptedObjects (8ms)
		BackupInstance (0ms)
		ReleaseScriptingObjects (0ms)
		CreateAndSetChildDomain (63ms)
	RebuildCommonClasses (36ms)
	RebuildNativeTypeToScriptingClass (12ms)
	initialDomainReloadingComplete (34ms)
	LoadAllAssembliesAndSetupDomain (814ms)
		LoadAssemblies (497ms)
		RebuildTransferFunctionScriptingTraits (0ms)
		AnalyzeDomain (401ms)
			TypeCache.Refresh (20ms)
				TypeCache.ScanAssembly (1ms)
			BuildScriptInfoCaches (355ms)
			ResolveRequiredComponents (17ms)
	FinalizeReload (1729ms)
		ReleaseScriptCaches (0ms)
		RebuildScriptCaches (0ms)
		SetupLoadedEditorAssemblies (1301ms)
			LogAssemblyErrors (0ms)
			InitializePlatformSupportModulesInManaged (8ms)
			SetLoadedEditorAssemblies (12ms)
			BeforeProcessingInitializeOnLoad (295ms)
			ProcessInitializeOnLoadAttributes (775ms)
			ProcessInitializeOnLoadMethodAttributes (200ms)
			AfterProcessingInitializeOnLoad (10ms)
			EditorAssembliesLoaded (1ms)
		ExecutionOrderSort2 (0ms)
		AwakeInstancesAfterBackupRestoration (27ms)
Refreshing native plugins compatible for Editor in 2.47 ms, found 4 plugins.
Preloading 0 native plugins for Editor in 0.00 ms.
Unloading 13 Unused Serialized files (Serialized files now loaded: 0)
Unloading 6685 unused Assets / (4.9 MB). Loaded Objects now: 7469.
Memory consumption went from 158.6 MB to 153.6 MB.
Total: 23.479600 ms (FindLiveObjects: 2.553000 ms CreateObjectMapping: 1.105800 ms MarkObjects: 13.876500 ms  DeleteObjects: 5.941000 ms)

Prepare: number of updated asset objects reloaded= 0
========================================================================
Received Prepare
Refreshing native plugins compatible for Editor in 9.69 ms, found 4 plugins.
Preloading 0 native plugins for Editor in 0.00 ms.
Unloading 13 Unused Serialized files (Serialized files now loaded: 0)
Unloading 6674 unused Assets / (4.2 MB). Loaded Objects now: 7469.
Memory consumption went from 158.7 MB to 154.6 MB.
Total: 23.399100 ms (FindLiveObjects: 1.618200 ms CreateObjectMapping: 1.915700 ms MarkObjects: 13.082900 ms  DeleteObjects: 6.780500 ms)

Prepare: number of updated asset objects reloaded= 0
========================================================================
Received Prepare
Begin MonoManager ReloadAssembly
Symbol file LoadedFromMemory is not a mono symbol file
- Loaded All Assemblies, in  0.994 seconds
Refreshing native plugins compatible for Editor in 3.61 ms, found 4 plugins.
Native extension for WindowsStandalone target not found
[Package Manager] Failed to launch server process. Reason: Unity was launched with the -noUpm command-line argument
[Package Manager] Unable to send message (not connected to server process).
[Package Manager] Cannot connect to Unity Package Manager local server
Mono: successfully reloaded assembly
- Finished resetting the current domain, in  1.104 seconds
Domain Reload Profiling: 2097ms
	BeginReloadAssembly (254ms)
		ExecutionOrderSort (0ms)
		DisableScriptedObjects (7ms)
		BackupInstance (0ms)
		ReleaseScriptingObjects (0ms)
		CreateAndSetChildDomain (72ms)
	RebuildCommonClasses (52ms)
	RebuildNativeTypeToScriptingClass (14ms)
	initialDomainReloadingComplete (40ms)
	LoadAllAssembliesAndSetupDomain (633ms)
		LoadAssemblies (451ms)
		RebuildTransferFunctionScriptingTraits (0ms)
		AnalyzeDomain (290ms)
			TypeCache.Refresh (15ms)
				TypeCache.ScanAssembly (1ms)
			BuildScriptInfoCaches (255ms)
			ResolveRequiredComponents (14ms)
	FinalizeReload (1104ms)
		ReleaseScriptCaches (0ms)
		RebuildScriptCaches (0ms)
		SetupLoadedEditorAssemblies (915ms)
			LogAssemblyErrors (0ms)
			InitializePlatformSupportModulesInManaged (3ms)
			SetLoadedEditorAssemblies (6ms)
			BeforeProcessingInitializeOnLoad (151ms)
			ProcessInitializeOnLoadAttributes (679ms)
			ProcessInitializeOnLoadMethodAttributes (66ms)
			AfterProcessingInitializeOnLoad (10ms)
			EditorAssembliesLoaded (0ms)
		ExecutionOrderSort2 (0ms)
		AwakeInstancesAfterBackupRestoration (16ms)
Refreshing native plugins compatible for Editor in 1.84 ms, found 4 plugins.
Preloading 0 native plugins for Editor in 0.00 ms.
Unloading 13 Unused Serialized files (Serialized files now loaded: 0)
Unloading 6685 unused Assets / (4.1 MB). Loaded Objects now: 7472.
Memory consumption went from 158.7 MB to 154.6 MB.
Total: 10.544100 ms (FindLiveObjects: 0.856000 ms CreateObjectMapping: 0.812400 ms MarkObjects: 6.002800 ms  DeleteObjects: 2.871300 ms)

Prepare: number of updated asset objects reloaded= 0
========================================================================
Received Import Request.
  Time since last request: 913.103855 seconds.
  path: Assets/Prefabs/TestTool.prefab
  artifactKey: Guid(584bb9e8c9caf254798897d1e3f6a9ca) Importer(815301076,1909f56bfc062723c751e8b465ee728b)
Start importing Assets/Prefabs/TestTool.prefab using Guid(584bb9e8c9caf254798897d1e3f6a9ca) Importer(815301076,1909f56bfc062723c751e8b465ee728b) (PreviewImporter) -> (artifact id: 'd1d123d03894a70c1c73289867d89db5') in 0.9752043 seconds
Number of updated asset objects reloaded before import = 0Number of asset objects unloaded after import = 14

========================================================================
Received Import Request.
  Time since last request: 54.345187 seconds.
  path: Assets/Plugins/PolygonStarter/Models/SM_Bean_Cop_01.fbx
  artifactKey: Guid(c89a73caf26194948b5a891401eaf18e) Importer(815301076,1909f56bfc062723c751e8b465ee728b)
Start importing Assets/Plugins/PolygonStarter/Models/SM_Bean_Cop_01.fbx using Guid(c89a73caf26194948b5a891401eaf18e) Importer(815301076,1909f56bfc062723c751e8b465ee728b) (PreviewImporter) -> (artifact id: '10416c3514115d5f88d23a996a009dde') in 0.0910721 seconds
Number of updated asset objects reloaded before import = 0Number of asset objects unloaded after import = 7

========================================================================
Received Import Request.
  Time since last request: 0.000116 seconds.
  path: Assets/Plugins/PolygonStarter/Models/SM_Bean_Female_01.fbx
  artifactKey: Guid(a668c639af8f6754dbfcfbbb9ae0471d) Importer(815301076,1909f56bfc062723c751e8b465ee728b)
Start importing Assets/Plugins/PolygonStarter/Models/SM_Bean_Female_01.fbx using Guid(a668c639af8f6754dbfcfbbb9ae0471d) Importer(815301076,1909f56bfc062723c751e8b465ee728b) (PreviewImporter) -> (artifact id: '09a21bb8368e3fafec819b28aa00b920') in 0.0320226 seconds
Number of updated asset objects reloaded before import = 0Number of asset objects unloaded after import = 7

========================================================================
Received Import Request.
  Time since last request: 0.000053 seconds.
  path: Assets/Plugins/PolygonStarter/Models/SM_Generic_Ground_03.fbx
  artifactKey: Guid(7cf8232403ff6a14483511b1d83ccf1a) Importer(815301076,1909f56bfc062723c751e8b465ee728b)
Start importing Assets/Plugins/PolygonStarter/Models/SM_Generic_Ground_03.fbx using Guid(7cf8232403ff6a14483511b1d83ccf1a) Importer(815301076,1909f56bfc062723c751e8b465ee728b) (PreviewImporter) -> (artifact id: '63b7a65969cb2a9f50f8e5352448d1a2') in 0.0334829 seconds
Number of updated asset objects reloaded before import = 0Number of asset objects unloaded after import = 7

========================================================================
Received Import Request.
  Time since last request: 0.000038 seconds.
  path: Assets/Plugins/PolygonStarter/Models/SM_Generic_Tree_01.fbx
  artifactKey: Guid(eafcccb3a6a70464caf8371e0f6153df) Importer(815301076,1909f56bfc062723c751e8b465ee728b)
Start importing Assets/Plugins/PolygonStarter/Models/SM_Generic_Tree_01.fbx using Guid(eafcccb3a6a70464caf8371e0f6153df) Importer(815301076,1909f56bfc062723c751e8b465ee728b) (PreviewImporter) -> (artifact id: 'f5e23859b5460b02fa4a3a7ca5b28a10') in 0.0281776 seconds
Number of updated asset objects reloaded before import = 0Number of asset objects unloaded after import = 7

========================================================================
Received Import Request.
  Time since last request: 0.000034 seconds.
  path: Assets/Plugins/PolygonStarter/Models/SM_Generic_Tree_04.fbx
  artifactKey: Guid(0b35305b613e7904395698641c0150cc) Importer(815301076,1909f56bfc062723c751e8b465ee728b)
Start importing Assets/Plugins/PolygonStarter/Models/SM_Generic_Tree_04.fbx using Guid(0b35305b613e7904395698641c0150cc) Importer(815301076,1909f56bfc062723c751e8b465ee728b) (PreviewImporter) -> (artifact id: '47882750e862ae6281b0b391b96538c3') in 0.031171 seconds
Number of updated asset objects reloaded before import = 0Number of asset objects unloaded after import = 7

========================================================================
Received Import Request.
  Time since last request: 0.000029 seconds.
  path: Assets/Plugins/PolygonStarter/Models/SM_PolygonPrototype_Buildings_DoorFrame_01P.fbx
  artifactKey: Guid(7ce54f0ead747e44e8ca2778de346dd6) Importer(815301076,1909f56bfc062723c751e8b465ee728b)
Start importing Assets/Plugins/PolygonStarter/Models/SM_PolygonPrototype_Buildings_DoorFrame_01P.fbx using Guid(7ce54f0ead747e44e8ca2778de346dd6) Importer(815301076,1909f56bfc062723c751e8b465ee728b) (PreviewImporter) -> (artifact id: 'ca93c81fc7a938480a912e166e597d3f') in 0.0311374 seconds
Number of updated asset objects reloaded before import = 0Number of asset objects unloaded after import = 7

========================================================================
Received Import Request.
  Time since last request: 0.000058 seconds.
  path: Assets/Plugins/PolygonStarter/Models/SM_PolygonPrototype_Icon_Coin_01.fbx
  artifactKey: Guid(b00a06e965af79a4c917d2b450d64c54) Importer(815301076,1909f56bfc062723c751e8b465ee728b)
Start importing Assets/Plugins/PolygonStarter/Models/SM_PolygonPrototype_Icon_Coin_01.fbx using Guid(b00a06e965af79a4c917d2b450d64c54) Importer(815301076,1909f56bfc062723c751e8b465ee728b) (PreviewImporter) -> (artifact id: '0ad6b4c18aa2d658b67bc1c8fc3478ce') in 0.0491157 seconds
Number of updated asset objects reloaded before import = 0Number of asset objects unloaded after import = 7

========================================================================
Received Import Request.
  Time since last request: 0.000067 seconds.
  path: Assets/Plugins/PolygonStarter/Models/SM_PolygonPrototype_Buildings_WallWindow_2x3_01P.fbx
  artifactKey: Guid(6be28cf95702ed2459d89932f1370fab) Importer(815301076,1909f56bfc062723c751e8b465ee728b)
Start importing Assets/Plugins/PolygonStarter/Models/SM_PolygonPrototype_Buildings_WallWindow_2x3_01P.fbx using Guid(6be28cf95702ed2459d89932f1370fab) Importer(815301076,1909f56bfc062723c751e8b465ee728b) (PreviewImporter) -> (artifact id: 'c73146aa5e101cc8729978dd20c3b2e9') in 0.0623831 seconds
Number of updated asset objects reloaded before import = 0Number of asset objects unloaded after import = 7

========================================================================
Received Import Request.
  Time since last request: 0.000037 seconds.
  path: Assets/Plugins/PolygonStarter/Models/SM_Generic_Tree_03.fbx
  artifactKey: Guid(f83ed2876384d1f4cb9b147d9bd0fd4b) Importer(815301076,1909f56bfc062723c751e8b465ee728b)
Start importing Assets/Plugins/PolygonStarter/Models/SM_Generic_Tree_03.fbx using Guid(f83ed2876384d1f4cb9b147d9bd0fd4b) Importer(815301076,1909f56bfc062723c751e8b465ee728b) (PreviewImporter) -> (artifact id: '66d30b0cf4788d0aeea584658ec411e5') in 0.0378153 seconds
Number of updated asset objects reloaded before import = 0Number of asset objects unloaded after import = 7

========================================================================
Received Import Request.
  Time since last request: 0.000051 seconds.
  path: Assets/Plugins/PolygonStarter/Models/SM_PolygonPrototype_Buildings_Stairs_1x1_01P.fbx
  artifactKey: Guid(863c2e4bd290d4344bfa0c76e862a0cf) Importer(815301076,1909f56bfc062723c751e8b465ee728b)
Start importing Assets/Plugins/PolygonStarter/Models/SM_PolygonPrototype_Buildings_Stairs_1x1_01P.fbx using Guid(863c2e4bd290d4344bfa0c76e862a0cf) Importer(815301076,1909f56bfc062723c751e8b465ee728b) (PreviewImporter) -> (artifact id: 'cfa4d49402b2e085568e504aac956749') in 0.0664048 seconds
Number of updated asset objects reloaded before import = 0Number of asset objects unloaded after import = 7

========================================================================
Received Import Request.
  Time since last request: 0.000054 seconds.
  path: Assets/Plugins/PolygonStarter/Models/SM_PolygonPrototype_Primitive_Cone_01P.fbx
  artifactKey: Guid(8d1a2ae25a118b4489e87176fcf3bbf9) Importer(815301076,1909f56bfc062723c751e8b465ee728b)
Start importing Assets/Plugins/PolygonStarter/Models/SM_PolygonPrototype_Primitive_Cone_01P.fbx using Guid(8d1a2ae25a118b4489e87176fcf3bbf9) Importer(815301076,1909f56bfc062723c751e8b465ee728b) (PreviewImporter) -> (artifact id: '64ff3c293db8f6c816df37adce09932b') in 0.0732833 seconds
Number of updated asset objects reloaded before import = 0Number of asset objects unloaded after import = 7

========================================================================
Received Import Request.
  Time since last request: 0.000056 seconds.
  path: Assets/Plugins/PolygonStarter/Models/SM_Generic_Small_Rocks_01.fbx
  artifactKey: Guid(03d86e12787766148b2a251a345936f7) Importer(815301076,1909f56bfc062723c751e8b465ee728b)
Start importing Assets/Plugins/PolygonStarter/Models/SM_Generic_Small_Rocks_01.fbx using Guid(03d86e12787766148b2a251a345936f7) Importer(815301076,1909f56bfc062723c751e8b465ee728b) (PreviewImporter) -> (artifact id: '0557049fa71e73e9a784b96986166901') in 0.0851257 seconds
Number of updated asset objects reloaded before import = 0Number of asset objects unloaded after import = 7

========================================================================
Received Import Request.
  Time since last request: 0.000056 seconds.
  path: Assets/Plugins/PolygonStarter/Models/SM_Generic_Ground_01.fbx
  artifactKey: Guid(b74644f508e4826458cf428b1206664e) Importer(815301076,1909f56bfc062723c751e8b465ee728b)
Start importing Assets/Plugins/PolygonStarter/Models/SM_Generic_Ground_01.fbx using Guid(b74644f508e4826458cf428b1206664e) Importer(815301076,1909f56bfc062723c751e8b465ee728b) (PreviewImporter) -> (artifact id: 'eb456c916800cc856059fc967fb4366e') in 0.0439092 seconds
Number of updated asset objects reloaded before import = 0Number of asset objects unloaded after import = 7

========================================================================
Received Import Request.
  Time since last request: 0.000055 seconds.
  path: Assets/Plugins/PolygonStarter/Models/SM_Bld_Door_01.fbx
  artifactKey: Guid(09581238a7eee2a448621efbc36abb72) Importer(815301076,1909f56bfc062723c751e8b465ee728b)
Start importing Assets/Plugins/PolygonStarter/Models/SM_Bld_Door_01.fbx using Guid(09581238a7eee2a448621efbc36abb72) Importer(815301076,1909f56bfc062723c751e8b465ee728b) (PreviewImporter) -> (artifact id: 'ad4f8af7a62418079f79a00109839860') in 0.0374143 seconds
Number of updated asset objects reloaded before import = 0Number of asset objects unloaded after import = 7

========================================================================
Received Import Request.
  Time since last request: 0.000047 seconds.
  path: Assets/Plugins/PolygonStarter/Models/SM_Generic_Ground_04.fbx
  artifactKey: Guid(059e0382b8bc85645b4bbd4b98bb90c0) Importer(815301076,1909f56bfc062723c751e8b465ee728b)
Start importing Assets/Plugins/PolygonStarter/Models/SM_Generic_Ground_04.fbx using Guid(059e0382b8bc85645b4bbd4b98bb90c0) Importer(815301076,1909f56bfc062723c751e8b465ee728b) (PreviewImporter) -> (artifact id: '69e6405ae2070817e5887b74b8864c05') in 0.0292488 seconds
Number of updated asset objects reloaded before import = 0Number of asset objects unloaded after import = 7

========================================================================
Received Import Request.
  Time since last request: 0.000048 seconds.
  path: Assets/Plugins/PolygonStarter/Models/SM_PolygonApocalypse_Bld_House_01.fbx
  artifactKey: Guid(373fc854d939a1346a2f460d917cad73) Importer(815301076,1909f56bfc062723c751e8b465ee728b)
Start importing Assets/Plugins/PolygonStarter/Models/SM_PolygonApocalypse_Bld_House_01.fbx using Guid(373fc854d939a1346a2f460d917cad73) Importer(815301076,1909f56bfc062723c751e8b465ee728b) (PreviewImporter) -> (artifact id: 'ff63b7ef6a6a65a06aac84b4c6856f9d') in 0.039471 seconds
Number of updated asset objects reloaded before import = 0Number of asset objects unloaded after import = 7

========================================================================
Received Import Request.
  Time since last request: 0.000039 seconds.
  path: Assets/Plugins/PolygonStarter/Models/SM_PolygonCity_Veh_Car_Small_01.fbx
  artifactKey: Guid(3555aa14b7768e148a5d219046a2dc64) Importer(815301076,1909f56bfc062723c751e8b465ee728b)
Start importing Assets/Plugins/PolygonStarter/Models/SM_PolygonCity_Veh_Car_Small_01.fbx using Guid(3555aa14b7768e148a5d219046a2dc64) Importer(815301076,1909f56bfc062723c751e8b465ee728b) (PreviewImporter) -> (artifact id: 'add0251911491fab7bdcca33734efabe') in 0.1303929 seconds
Number of updated asset objects reloaded before import = 0Number of asset objects unloaded after import = 42

========================================================================
Received Import Request.
  Time since last request: 0.000047 seconds.
  path: Assets/Plugins/PolygonStarter/Models/SM_Generic_Mountains_Grass_02.fbx
  artifactKey: Guid(f76ba9d22b6776e43b0208e873d28605) Importer(815301076,1909f56bfc062723c751e8b465ee728b)
Start importing Assets/Plugins/PolygonStarter/Models/SM_Generic_Mountains_Grass_02.fbx using Guid(f76ba9d22b6776e43b0208e873d28605) Importer(815301076,1909f56bfc062723c751e8b465ee728b) (PreviewImporter) -> (artifact id: '5146ae402890adb7ea58bb8f4d14e235') in 0.0302373 seconds
Number of updated asset objects reloaded before import = 0Number of asset objects unloaded after import = 7

========================================================================
Received Import Request.
  Time since last request: 0.000060 seconds.
  path: Assets/Plugins/PolygonStarter/Models/SM_PolygonPrototype_Buildings_Ramp_45_1x1_01P.fbx
  artifactKey: Guid(7e4cace35ee41bc41870fd214b6609e2) Importer(815301076,1909f56bfc062723c751e8b465ee728b)
Start importing Assets/Plugins/PolygonStarter/Models/SM_PolygonPrototype_Buildings_Ramp_45_1x1_01P.fbx using Guid(7e4cace35ee41bc41870fd214b6609e2) Importer(815301076,1909f56bfc062723c751e8b465ee728b) (PreviewImporter) -> (artifact id: '0ad27998de6d3f995f9f8e62840312e1') in 0.0321281 seconds
Number of updated asset objects reloaded before import = 0Number of asset objects unloaded after import = 7

========================================================================
Received Import Request.
  Time since last request: 0.000036 seconds.
  path: Assets/Plugins/PolygonStarter/Models/SM_Generic_Ground_02.fbx
  artifactKey: Guid(52eab9b1dd1fdf34c932b634c4514ccc) Importer(815301076,1909f56bfc062723c751e8b465ee728b)
Start importing Assets/Plugins/PolygonStarter/Models/SM_Generic_Ground_02.fbx using Guid(52eab9b1dd1fdf34c932b634c4514ccc) Importer(815301076,1909f56bfc062723c751e8b465ee728b) (PreviewImporter) -> (artifact id: '034476e6e9efb79c798626d6ba8928e1') in 0.0339366 seconds
Number of updated asset objects reloaded before import = 0Number of asset objects unloaded after import = 7

========================================================================
Received Import Request.
  Time since last request: 0.000045 seconds.
  path: Assets/Plugins/PolygonStarter/Models/SM_PolygonPrototype_Buildings_Floor_1x1_01P.fbx
  artifactKey: Guid(efecce0669e04d14aada7871935a434d) Importer(815301076,1909f56bfc062723c751e8b465ee728b)
Start importing Assets/Plugins/PolygonStarter/Models/SM_PolygonPrototype_Buildings_Floor_1x1_01P.fbx using Guid(efecce0669e04d14aada7871935a434d) Importer(815301076,1909f56bfc062723c751e8b465ee728b) (PreviewImporter) -> (artifact id: '2b7c054644b19d7b5f2e0071b981c229') in 0.0338278 seconds
Number of updated asset objects reloaded before import = 0Number of asset objects unloaded after import = 7

Editor requested this worker to shutdown with reason: Scaling down because of idle timeout
AssetImportWorker is now disconnected from the server
Process exiting
Exiting without the bug reporter. Application will terminate with return code 0